<component name="libraryTable">
  <library name="JUnitGenerator">
    <CLASSES>
      <root url="jar://E:/JUnitGenerator.jar!/" />
    </CLASSES>
    <JAVADOC />
    <SOURCES />
  </library>
</component>